============================= test session starts ==============================
platform darwin -- Python 3.11.8, pytest-8.2.0, pluggy-1.6.0 -- /Users/sumedhshende/.pyenv/versions/3.11.8/bin/python3.11
cachedir: .pytest_cache
rootdir: /Users/sumedhshende/sysd/course/day74/storage-optimizer
plugins: Faker-21.0.0, cov-4.1.0, asyncio-0.23.7, mock-3.12.0, anyio-3.7.1, dash-2.14.2
asyncio: mode=Mode.STRICT
collecting ... collected 14 items

tests/test_storage_optimization.py::TestStorageEngine::test_write_logs PASSED [  7%]
tests/test_storage_optimization.py::TestStorageEngine::test_read_logs PASSED [ 14%]
tests/test_storage_optimization.py::TestStorageEngine::test_query_filtering PASSED [ 21%]
tests/test_storage_optimization.py::TestStorageEngine::test_optimization_stats PASSED [ 28%]
tests/test_storage_optimization.py::TestPatternAnalyzer::test_record_query PASSED [ 35%]
tests/test_storage_optimization.py::TestPatternAnalyzer::test_analytical_query_classification PASSED [ 42%]
tests/test_storage_optimization.py::TestPatternAnalyzer::test_full_record_query_classification PASSED [ 50%]
tests/test_storage_optimization.py::TestPatternAnalyzer::test_mixed_query_pattern PASSED [ 57%]
tests/test_storage_optimization.py::TestPatternAnalyzer::test_optimization_insights PASSED [ 64%]
tests/test_storage_optimization.py::TestStorageFormats::test_row_storage PASSED [ 71%]
tests/test_storage_optimization.py::TestStorageFormats::test_columnar_storage PASSED [ 78%]
tests/test_storage_optimization.py::TestStorageFormats::test_hybrid_storage PASSED [ 85%]
tests/test_storage_optimization.py::TestPerformance::test_write_performance PASSED [ 92%]
tests/test_storage_optimization.py::TestPerformance::test_read_performance PASSED [100%]

============================== 14 passed in 0.83s ==============================
